<?xml version="1.0" encoding="UTF-8"?>
<!-- Generated by org.testng.reporters.JUnitReportReporter -->
<testsuite hostname="DESKTOP-9E4JO2B" failures="0" tests="5" name="Jenkins.Selenium1" time="71.171" errors="0" timestamp="2023-02-18T21:10:54 IST" skipped="0">
  <testcase classname="Jenkins.Selenium1" name="launchbrowser" time="25.283"/>
  <system-out/>
  <testcase classname="Jenkins.Selenium1" name="test1" time="10.951"/>
  <system-out/>
  <testcase classname="Jenkins.Selenium1" name="test2" time="0.763"/>
  <system-out/>
  <testcase classname="Jenkins.Selenium1" name="test3" time="24.628"/>
  <system-out/>
  <testcase classname="Jenkins.Selenium1" name="Closebrowser" time="9.546"/>
  <system-out/>
</testsuite> <!-- Jenkins.Selenium1 -->
