<?xml version="1.0" encoding="UTF-8"?>
<!-- Generated by org.testng.reporters.JUnitReportReporter -->
<testsuite hostname="DESKTOP-9E4JO2B" failures="0" tests="5" name="Jenkins.Selenium1" time="17.538" errors="0" timestamp="2023-02-18T21:17:50 IST" skipped="0">
  <testcase classname="Jenkins.Selenium1" name="launchbrowser" time="7.509"/>
  <system-out/>
  <testcase classname="Jenkins.Selenium1" name="test1" time="3.464"/>
  <system-out/>
  <testcase classname="Jenkins.Selenium1" name="test2" time="0.364"/>
  <system-out/>
  <testcase classname="Jenkins.Selenium1" name="test3" time="5.425"/>
  <system-out/>
  <testcase classname="Jenkins.Selenium1" name="Closebrowser" time="0.776"/>
  <system-out/>
</testsuite> <!-- Jenkins.Selenium1 -->
